c:\users\mysticfox99\onedrive - university of lincoln\year 2\advanced programming\assessments\code\takeaway\takeaway\debug\vc142.pdb
c:\users\mysticfox99\onedrive - university of lincoln\year 2\advanced programming\assessments\code\takeaway\takeaway\debug\vc142.idb
c:\users\mysticfox99\onedrive - university of lincoln\year 2\advanced programming\assessments\code\takeaway\takeaway\debug\order.obj
c:\users\mysticfox99\onedrive - university of lincoln\year 2\advanced programming\assessments\code\takeaway\takeaway\debug\maincourse.obj
c:\users\mysticfox99\onedrive - university of lincoln\year 2\advanced programming\assessments\code\takeaway\takeaway\debug\itemlist.obj
c:\users\mysticfox99\onedrive - university of lincoln\year 2\advanced programming\assessments\code\takeaway\takeaway\debug\item.obj
c:\users\mysticfox99\onedrive - university of lincoln\year 2\advanced programming\assessments\code\takeaway\takeaway\debug\beverage.obj
c:\users\mysticfox99\onedrive - university of lincoln\year 2\advanced programming\assessments\code\takeaway\takeaway\debug\appetiser.obj
c:\users\mysticfox99\onedrive - university of lincoln\year 2\advanced programming\assessments\code\takeaway\takeaway\debug\takeaway.obj
c:\users\mysticfox99\onedrive - university of lincoln\year 2\advanced programming\assessments\code\takeaway\takeaway\debug\menu.obj
c:\users\ernes\onedrive - university of lincoln\year 2\advanced programming\assessments\code\takeaway\takeaway\debug\vc143.pdb
c:\users\ernes\onedrive - university of lincoln\year 2\advanced programming\assessments\code\takeaway\takeaway\debug\vc143.idb
c:\users\ernes\onedrive - university of lincoln\year 2\advanced programming\assessments\code\takeaway\takeaway\debug\takeaway.obj
c:\users\ernes\onedrive - university of lincoln\year 2\advanced programming\assessments\code\takeaway\takeaway\debug\order.obj
c:\users\ernes\onedrive - university of lincoln\year 2\advanced programming\assessments\code\takeaway\takeaway\debug\menu.obj
c:\users\ernes\onedrive - university of lincoln\year 2\advanced programming\assessments\code\takeaway\takeaway\debug\maincourse.obj
c:\users\ernes\onedrive - university of lincoln\year 2\advanced programming\assessments\code\takeaway\takeaway\debug\itemlist.obj
c:\users\ernes\onedrive - university of lincoln\year 2\advanced programming\assessments\code\takeaway\takeaway\debug\item.obj
c:\users\ernes\onedrive - university of lincoln\year 2\advanced programming\assessments\code\takeaway\takeaway\debug\beverage.obj
c:\users\ernes\onedrive - university of lincoln\year 2\advanced programming\assessments\code\takeaway\takeaway\debug\appetiser.obj
c:\users\ernes\onedrive - university of lincoln\year 2\advanced programming\assessments\code\takeaway\takeaway\debug\vc142.idb
c:\users\ernes\onedrive - university of lincoln\year 2\advanced programming\assessments\code\takeaway\takeaway\debug\vc142.pdb
c:\users\ernes\onedrive - university of lincoln\year 2\advanced programming\assessments\code\takeaway\debug\takeaway.pdb
c:\users\ernes\onedrive - university of lincoln\year 2\advanced programming\assessments\code\takeaway\takeaway\debug\takeaway.tlog\cl.command.1.tlog
c:\users\ernes\onedrive - university of lincoln\year 2\advanced programming\assessments\code\takeaway\takeaway\debug\takeaway.tlog\cl.read.1.tlog
c:\users\ernes\onedrive - university of lincoln\year 2\advanced programming\assessments\code\takeaway\takeaway\debug\takeaway.tlog\cl.write.1.tlog
c:\users\ernes\onedrive - university of lincoln\year 2\advanced programming\assessments\code\takeaway\takeaway\debug\takeaway.tlog\link-cvtres.read.1.tlog
c:\users\ernes\onedrive - university of lincoln\year 2\advanced programming\assessments\code\takeaway\takeaway\debug\takeaway.tlog\link-cvtres.write.1.tlog
c:\users\ernes\onedrive - university of lincoln\year 2\advanced programming\assessments\code\takeaway\takeaway\debug\takeaway.tlog\link-rc.read.1.tlog
c:\users\ernes\onedrive - university of lincoln\year 2\advanced programming\assessments\code\takeaway\takeaway\debug\takeaway.tlog\link-rc.write.1.tlog
c:\users\ernes\onedrive - university of lincoln\year 2\advanced programming\assessments\code\takeaway\takeaway\debug\takeaway.tlog\link.command.1.tlog
c:\users\ernes\onedrive - university of lincoln\year 2\advanced programming\assessments\code\takeaway\takeaway\debug\takeaway.tlog\link.read.1.tlog
c:\users\ernes\onedrive - university of lincoln\year 2\advanced programming\assessments\code\takeaway\takeaway\debug\takeaway.tlog\link.write.1.tlog
